0 info it worked if it ends with ok
1 verbose cli [ '/usr/local/bin/node',
1 verbose cli   '/usr/local/bin/npm',
1 verbose cli   'install',
1 verbose cli   'forever',
1 verbose cli   '-g' ]
2 info using npm@1.2.32
3 info using node@v0.10.12
4 verbose read json /usr/local/lib/package.json
5 verbose read json /usr/local/lib/package.json
6 verbose cache add [ 'forever', null ]
7 verbose cache add name=undefined spec="forever" args=["forever",null]
8 verbose parsed url { protocol: null,
8 verbose parsed url   slashes: null,
8 verbose parsed url   auth: null,
8 verbose parsed url   host: null,
8 verbose parsed url   port: null,
8 verbose parsed url   hostname: null,
8 verbose parsed url   hash: null,
8 verbose parsed url   search: null,
8 verbose parsed url   query: null,
8 verbose parsed url   pathname: 'forever',
8 verbose parsed url   path: 'forever',
8 verbose parsed url   href: 'forever' }
9 silly lockFile e07f8c4a-forever forever
10 verbose lock forever /home/yuntour/.npm/e07f8c4a-forever.lock
11 silly lockFile e07f8c4a-forever forever
12 silly lockFile e07f8c4a-forever forever
13 verbose addNamed [ 'forever', '' ]
14 verbose addNamed [ null, '' ]
15 silly lockFile 28ef027b-forever forever@
16 verbose lock forever@ /home/yuntour/.npm/28ef027b-forever.lock
17 silly addNameRange { name: 'forever', range: '', hasData: false }
18 verbose url raw forever
19 verbose url resolving [ 'https://registry.npmjs.org/', './forever' ]
20 verbose url resolved https://registry.npmjs.org/forever
21 info trying registry request attempt 1 at 01:09:57
22 http GET https://registry.npmjs.org/forever
23 http 200 https://registry.npmjs.org/forever
24 silly registry.get cb [ 200,
24 silly registry.get   { vary: 'Accept',
24 silly registry.get     server: 'CouchDB/1.3.1 (Erlang OTP/R15B03)',
24 silly registry.get     etag: '"7H4OHBBGP6GDTTHIL5TIZAQQ"',
24 silly registry.get     date: 'Sun, 13 Oct 2013 17:10:01 GMT',
24 silly registry.get     'content-type': 'application/json',
24 silly registry.get     'content-length': '127425' } ]
25 silly addNameRange number 2 { name: 'forever', range: '', hasData: true }
26 silly addNameRange versions [ 'forever',
26 silly addNameRange   [ '0.6.0',
26 silly addNameRange     '0.6.1',
26 silly addNameRange     '0.6.2',
26 silly addNameRange     '0.6.3',
26 silly addNameRange     '0.6.4',
26 silly addNameRange     '0.6.5',
26 silly addNameRange     '0.6.6',
26 silly addNameRange     '0.6.7',
26 silly addNameRange     '0.6.8',
26 silly addNameRange     '0.6.9',
26 silly addNameRange     '0.7.0',
26 silly addNameRange     '0.7.1',
26 silly addNameRange     '0.7.2',
26 silly addNameRange     '0.7.3',
26 silly addNameRange     '0.7.4',
26 silly addNameRange     '0.7.5',
26 silly addNameRange     '0.8.0',
26 silly addNameRange     '0.8.1',
26 silly addNameRange     '0.8.2',
26 silly addNameRange     '0.8.3',
26 silly addNameRange     '0.8.4',
26 silly addNameRange     '0.8.5',
26 silly addNameRange     '0.9.0',
26 silly addNameRange     '0.9.1',
26 silly addNameRange     '0.9.2',
26 silly addNameRange     '0.10.0',
26 silly addNameRange     '0.10.5',
26 silly addNameRange     '0.10.6',
26 silly addNameRange     '0.10.7',
26 silly addNameRange     '0.10.8' ] ]
27 verbose addNamed [ 'forever', '0.10.8' ]
28 verbose addNamed [ '0.10.8', '0.10.8' ]
29 silly lockFile ca463e1b-forever-0-10-8 forever@0.10.8
30 verbose lock forever@0.10.8 /home/yuntour/.npm/ca463e1b-forever-0-10-8.lock
31 silly lockFile e02b30eb-s-org-forever-forever-0-10-8-tgz https://registry.npmjs.org/forever/-/forever-0.10.8.tgz
32 verbose lock https://registry.npmjs.org/forever/-/forever-0.10.8.tgz /home/yuntour/.npm/e02b30eb-s-org-forever-forever-0-10-8-tgz.lock
33 verbose addRemoteTarball [ 'https://registry.npmjs.org/forever/-/forever-0.10.8.tgz',
33 verbose addRemoteTarball   'a78137a46fb8ca4adbf2f497d98816a526bb1f82' ]
34 info retry fetch attempt 1 at 01:10:02
35 verbose fetch to= /home/yuntour/tmp/npm-22701/1381684202322-0.9020754138473421/tmp.tgz
36 http GET https://registry.npmjs.org/forever/-/forever-0.10.8.tgz
37 http 200 https://registry.npmjs.org/forever/-/forever-0.10.8.tgz
38 verbose tar unpack /home/yuntour/tmp/npm-22701/1381684202322-0.9020754138473421/tmp.tgz
39 silly lockFile d3d84370-02322-0-9020754138473421-package tar:///home/yuntour/tmp/npm-22701/1381684202322-0.9020754138473421/package
40 verbose lock tar:///home/yuntour/tmp/npm-22701/1381684202322-0.9020754138473421/package /home/yuntour/.npm/d3d84370-02322-0-9020754138473421-package.lock
41 silly lockFile f23e908d-02322-0-9020754138473421-tmp-tgz tar:///home/yuntour/tmp/npm-22701/1381684202322-0.9020754138473421/tmp.tgz
42 verbose lock tar:///home/yuntour/tmp/npm-22701/1381684202322-0.9020754138473421/tmp.tgz /home/yuntour/.npm/f23e908d-02322-0-9020754138473421-tmp-tgz.lock
43 silly gunzTarPerm modes [ '755', '644' ]
44 silly gunzTarPerm extractEntry package.json
45 silly gunzTarPerm extractEntry .npmignore
46 silly gunzTarPerm extractEntry README.md
47 silly gunzTarPerm extractEntry LICENSE
48 silly gunzTarPerm extractEntry .travis.yml
49 silly gunzTarPerm extractEntry CHANGELOG.md
50 silly gunzTarPerm extractEntry bin/forever
51 silly gunzTarPerm extractEntry bin/foreverd
52 silly gunzTarPerm extractEntry bin/monitor
53 silly gunzTarPerm extractEntry lib/forever.js
54 silly gunzTarPerm extractEntry lib/forever/cli.js
55 silly gunzTarPerm extractEntry lib/forever/worker.js
56 silly gunzTarPerm extractEntry lib/forever/service/cli.js
57 silly gunzTarPerm extractEntry lib/forever/service/index.js
58 silly gunzTarPerm extractEntry lib/forever/service/service.js
59 silly gunzTarPerm extractEntry lib/forever/service/adapters/adapter.js
60 silly gunzTarPerm extractEntry lib/forever/service/adapters/initd/index.js
61 silly gunzTarPerm extractEntry lib/forever/service/adapters/systemv/index.js
62 silly gunzTarPerm extractEntry lib/forever/service/adapters/systemv/foreverd
63 silly gunzTarPerm extractEntry test/cli-test
64 silly gunzTarPerm extractEntry test/core/tail-stopall-test.js
65 silly gunzTarPerm extractEntry test/fixtures/log-on-interval.js
66 silly gunzTarPerm extractEntry test/fixtures/server.js
67 silly gunzTarPerm extractEntry test/fixtures/start-daemon.js
68 silly gunzTarPerm extractEntry test/helpers/macros.js
69 silly gunzTarPerm extractEntry test/helpers/mocks/child-process.js
70 silly gunzTarPerm extractEntry test/helpers/mocks/monitor.js
71 silly gunzTarPerm extractEntry test/helpers/mocks/stream.js
72 silly gunzTarPerm extractEntry test/service/simple-test.js
73 silly gunzTarPerm extractEntry test/worker/multiple-workers-test.js
74 silly gunzTarPerm extractEntry test/worker/simple-test.js
75 verbose read json /home/yuntour/tmp/npm-22701/1381684202322-0.9020754138473421/package/package.json
76 silly lockFile d3d84370-02322-0-9020754138473421-package tar:///home/yuntour/tmp/npm-22701/1381684202322-0.9020754138473421/package
77 silly lockFile d3d84370-02322-0-9020754138473421-package tar:///home/yuntour/tmp/npm-22701/1381684202322-0.9020754138473421/package
78 silly lockFile f23e908d-02322-0-9020754138473421-tmp-tgz tar:///home/yuntour/tmp/npm-22701/1381684202322-0.9020754138473421/tmp.tgz
79 silly lockFile f23e908d-02322-0-9020754138473421-tmp-tgz tar:///home/yuntour/tmp/npm-22701/1381684202322-0.9020754138473421/tmp.tgz
80 verbose from cache /home/yuntour/tmp/npm-22701/1381684202322-0.9020754138473421/package/package.json
81 verbose tar pack [ '/home/yuntour/.npm/forever/0.10.8/package.tgz',
81 verbose tar pack   '/home/yuntour/tmp/npm-22701/1381684202322-0.9020754138473421/package' ]
82 verbose tarball /home/yuntour/.npm/forever/0.10.8/package.tgz
83 verbose folder /home/yuntour/tmp/npm-22701/1381684202322-0.9020754138473421/package
84 silly lockFile d3d84370-02322-0-9020754138473421-package tar:///home/yuntour/tmp/npm-22701/1381684202322-0.9020754138473421/package
85 verbose lock tar:///home/yuntour/tmp/npm-22701/1381684202322-0.9020754138473421/package /home/yuntour/.npm/d3d84370-02322-0-9020754138473421-package.lock
86 silly lockFile a6fc0072-r-npm-forever-0-10-8-package-tgz tar:///home/yuntour/.npm/forever/0.10.8/package.tgz
87 verbose lock tar:///home/yuntour/.npm/forever/0.10.8/package.tgz /home/yuntour/.npm/a6fc0072-r-npm-forever-0-10-8-package-tgz.lock
88 silly lockFile d3d84370-02322-0-9020754138473421-package tar:///home/yuntour/tmp/npm-22701/1381684202322-0.9020754138473421/package
89 silly lockFile d3d84370-02322-0-9020754138473421-package tar:///home/yuntour/tmp/npm-22701/1381684202322-0.9020754138473421/package
90 silly lockFile a6fc0072-r-npm-forever-0-10-8-package-tgz tar:///home/yuntour/.npm/forever/0.10.8/package.tgz
91 silly lockFile a6fc0072-r-npm-forever-0-10-8-package-tgz tar:///home/yuntour/.npm/forever/0.10.8/package.tgz
92 silly lockFile c7ec00bb-ntour-npm-forever-0-10-8-package /home/yuntour/.npm/forever/0.10.8/package
93 verbose lock /home/yuntour/.npm/forever/0.10.8/package /home/yuntour/.npm/c7ec00bb-ntour-npm-forever-0-10-8-package.lock
94 silly lockFile c7ec00bb-ntour-npm-forever-0-10-8-package /home/yuntour/.npm/forever/0.10.8/package
95 silly lockFile c7ec00bb-ntour-npm-forever-0-10-8-package /home/yuntour/.npm/forever/0.10.8/package
96 verbose tar unpack /home/yuntour/.npm/forever/0.10.8/package.tgz
97 silly lockFile f6911e53-ntour-npm-forever-0-10-8-package tar:///home/yuntour/.npm/forever/0.10.8/package
98 verbose lock tar:///home/yuntour/.npm/forever/0.10.8/package /home/yuntour/.npm/f6911e53-ntour-npm-forever-0-10-8-package.lock
99 silly lockFile a6fc0072-r-npm-forever-0-10-8-package-tgz tar:///home/yuntour/.npm/forever/0.10.8/package.tgz
100 verbose lock tar:///home/yuntour/.npm/forever/0.10.8/package.tgz /home/yuntour/.npm/a6fc0072-r-npm-forever-0-10-8-package-tgz.lock
101 silly gunzTarPerm modes [ '755', '644' ]
102 silly gunzTarPerm extractEntry package.json
103 silly gunzTarPerm extractEntry .npmignore
104 silly gunzTarPerm extractEntry README.md
105 silly gunzTarPerm extractEntry LICENSE
106 silly gunzTarPerm extractEntry .travis.yml
107 silly gunzTarPerm extractEntry CHANGELOG.md
108 silly gunzTarPerm extractEntry bin/forever
109 silly gunzTarPerm extractEntry bin/foreverd
110 silly gunzTarPerm extractEntry bin/monitor
111 silly gunzTarPerm extractEntry lib/forever.js
112 silly gunzTarPerm extractEntry lib/forever/cli.js
113 silly gunzTarPerm extractEntry lib/forever/worker.js
114 silly gunzTarPerm extractEntry lib/forever/service/cli.js
115 silly gunzTarPerm extractEntry lib/forever/service/index.js
116 silly gunzTarPerm extractEntry lib/forever/service/service.js
117 silly gunzTarPerm extractEntry lib/forever/service/adapters/adapter.js
118 silly gunzTarPerm extractEntry lib/forever/service/adapters/initd/index.js
119 silly gunzTarPerm extractEntry lib/forever/service/adapters/systemv/index.js
120 silly gunzTarPerm extractEntry lib/forever/service/adapters/systemv/foreverd
121 silly gunzTarPerm extractEntry test/cli-test
122 silly gunzTarPerm extractEntry test/core/tail-stopall-test.js
123 silly gunzTarPerm extractEntry test/fixtures/log-on-interval.js
124 silly gunzTarPerm extractEntry test/fixtures/server.js
125 silly gunzTarPerm extractEntry test/fixtures/start-daemon.js
126 silly gunzTarPerm extractEntry test/helpers/macros.js
127 silly gunzTarPerm extractEntry test/helpers/mocks/child-process.js
128 silly gunzTarPerm extractEntry test/helpers/mocks/monitor.js
129 silly gunzTarPerm extractEntry test/helpers/mocks/stream.js
130 silly gunzTarPerm extractEntry test/service/simple-test.js
131 silly gunzTarPerm extractEntry test/worker/multiple-workers-test.js
132 silly gunzTarPerm extractEntry test/worker/simple-test.js
133 verbose read json /home/yuntour/.npm/forever/0.10.8/package/package.json
134 silly lockFile f6911e53-ntour-npm-forever-0-10-8-package tar:///home/yuntour/.npm/forever/0.10.8/package
135 silly lockFile f6911e53-ntour-npm-forever-0-10-8-package tar:///home/yuntour/.npm/forever/0.10.8/package
136 silly lockFile a6fc0072-r-npm-forever-0-10-8-package-tgz tar:///home/yuntour/.npm/forever/0.10.8/package.tgz
137 silly lockFile a6fc0072-r-npm-forever-0-10-8-package-tgz tar:///home/yuntour/.npm/forever/0.10.8/package.tgz
138 verbose from cache /home/yuntour/.npm/forever/0.10.8/package/package.json
139 verbose chmod /home/yuntour/.npm/forever/0.10.8/package.tgz 644
140 verbose chown /home/yuntour/.npm/forever/0.10.8/package.tgz [ 501, 501 ]
141 silly lockFile e02b30eb-s-org-forever-forever-0-10-8-tgz https://registry.npmjs.org/forever/-/forever-0.10.8.tgz
142 silly lockFile e02b30eb-s-org-forever-forever-0-10-8-tgz https://registry.npmjs.org/forever/-/forever-0.10.8.tgz
143 silly lockFile ca463e1b-forever-0-10-8 forever@0.10.8
144 silly lockFile ca463e1b-forever-0-10-8 forever@0.10.8
145 silly lockFile 28ef027b-forever forever@
146 silly lockFile 28ef027b-forever forever@
147 silly resolved [ { name: 'forever',
147 silly resolved     preferGlobal: 'true',
147 silly resolved     description: 'A simple CLI tool for ensuring that a given node script runs continuously (i.e. forever)',
147 silly resolved     version: '0.10.8',
147 silly resolved     author: { name: 'Nodejitsu Inc.', email: 'info@nodejitsu.com' },
147 silly resolved     maintainers: [ [Object], [Object], [Object] ],
147 silly resolved     repository: { type: 'git', url: 'http://github.com/nodejitsu/forever.git' },
147 silly resolved     keywords: [ 'cli', 'fault tolerant', 'sysadmin', 'tools' ],
147 silly resolved     dependencies:
147 silly resolved      { colors: '0.6.0-1',
147 silly resolved        cliff: '0.1.8',
147 silly resolved        flatiron: '0.3.5',
147 silly resolved        'forever-monitor': '1.2.2',
147 silly resolved        nconf: '0.6.7',
147 silly resolved        nssocket: '~0.5.1',
147 silly resolved        optimist: '0.4.0',
147 silly resolved        pkginfo: '0.3.0',
147 silly resolved        timespan: '2.0.1',
147 silly resolved        watch: '0.7.0',
147 silly resolved        utile: '0.1.7',
147 silly resolved        winston: '0.7.1' },
147 silly resolved     devDependencies:
147 silly resolved      { broadway: '0.2.x',
147 silly resolved        eventemitter2: '0.4.x',
147 silly resolved        request: '2.x.x',
147 silly resolved        vows: '0.7.x' },
147 silly resolved     bin: { forever: './bin/forever', foreverd: './bin/foreverd' },
147 silly resolved     main: './lib/forever',
147 silly resolved     scripts: { test: 'vows test/**/*-test.js --spec -i' },
147 silly resolved     engines: { node: '>= 0.8.x' },
147 silly resolved     readme: '# forever [![Build Status](https://secure.travis-ci.org/nodejitsu/forever.png)](http://travis-ci.org/nodejitsu/forever)\n\nA simple CLI tool for ensuring that a given script runs continuously (i.e. forever).\n\n## Installation\n\n``` bash\n  $ [sudo] npm install forever -g\n```\n\n**Note:** If you are using forever _programatically_ you should install [forever-monitor][0].\n\n``` bash\n  $ cd /path/to/your/project\n  $ [sudo] npm install forever-monitor\n```\n\n## Usage\nThere are two distinct ways to use forever: through the command line interface, or by requiring the forever module in your own code. **Note:** If you are using forever _programatically_ you should install [forever-monitor][0].\n\n### Using forever from the command line\nYou can use forever to run any kind of script continuously (whether it is written in node.js or not). The usage options are simple:\n\n```\n  $ forever --help\n  usage: forever [action] [options] SCRIPT [script-options]\n\n  Monitors the script specified in the current process or as a daemon\n\n  actions:\n    start               Start SCRIPT as a daemon\n    stop                Stop the daemon SCRIPT\n    stopall             Stop all running forever scripts\n    restart             Restart the daemon SCRIPT\n    restartall          Restart all running forever scripts\n    list                List all running forever scripts\n    config              Lists all forever user configuration\n    set <key> <val>     Sets the specified forever config <key>\n    clear <key>         Clears the specified forever config <key>\n    logs                Lists log files for all forever processes\n    logs <script|index> Tails the logs for <script|index>\n    columns add <col>   Adds the specified column to the output in `forever list`\n    columns rm <col>    Removed the specified column from the output in `forever list`\n    columns set <cols>  Set all columns for the output in `forever list`\n    cleanlogs           [CAREFUL] Deletes all historical forever log files\n\n  options:\n    -m  MAX          Only run the specified script MAX times\n    -l  LOGFILE      Logs the forever output to LOGFILE\n    -o  OUTFILE      Logs stdout from child script to OUTFILE\n    -e  ERRFILE      Logs stderr from child script to ERRFILE\n    -p  PATH         Base path for all forever related files (pid files, etc.)\n    -c  COMMAND      COMMAND to execute (defaults to node)\n    -a, --append     Append logs\n    -f, --fifo       Stream logs to stdout\n    -n, --number     Number of log lines to print\n    --pidFile        The pid file\n    --sourceDir      The source directory for which SCRIPT is relative to\n    --minUptime      Minimum uptime (millis) for a script to not be considered "spinning"\n    --spinSleepTime  Time to wait (millis) between launches of a spinning script.\n    --plain          Disable command line colors\n    -d, --debug      Forces forever to log debug output\n    -v, --verbose    Turns on the verbose messages from Forever\n    -s, --silent     Run the child script silencing stdout and stderr\n    -w, --watch      Watch for file changes\n    --watchDirectory Top-level directory to watch from\n    -h, --help       You\'re staring at it\n\n  [Long Running Process]\n    The forever process will continue to run outputting log messages to the console.\n    ex. forever -o out.log -e err.log my-script.js\n\n  [Daemon]\n    The forever process will run as a daemon which will make the target process start\n    in the background. This is extremely useful for remote starting simple node.js scripts\n    without using nohup. It is recommended to run start with -o -l, & -e.\n    ex. forever start -l forever.log -o out.log -e err.log my-daemon.js\n        forever stop my-daemon.js\n```\n\nThere are [several examples][1] designed to test the fault tolerance of forever. Here\'s a simple usage example:\n\n``` bash\n  $ forever -m 5 examples/error-on-timer.js\n```\n\n## Using forever module from node.js\nIn addition to using a Forever object, the forever module also exposes some useful methods. Each method returns an instance of an EventEmitter which emits when complete. See the [forever cli commands][2] for sample usage.\n\n**Remark:** As of `forever@0.6.0` processes will not automatically be available in `forever.list()`. In order to get your processes into `forever.list()` or `forever list` you must instantiate the `forever` socket server:\n\n``` js\n  forever.startServer(child);\n```\n\n### forever.load (config)\n_Synchronously_ sets the specified configuration (config) for the forever module. There are two important options:\n\n* root:    Directory to put all default forever log files\n* pidPath: Directory to put all forever *.pid files\n\n### forever.start (file, options)\nStarts a script with forever.\n\n### forever.startDaemon (file, options)\nStarts a script with forever as a daemon. WARNING: Will daemonize the current process.\n\n### forever.stop (index)\nStops the forever daemon script at the specified index. These indices are the same as those returned by forever.list(). This method returns an EventEmitter that raises the \'stop\' event when complete.\n\n### forever.stopAll (format)\nStops all forever scripts currently running. This method returns an EventEmitter that raises the \'stopAll\' event when complete.\n\n### forever.list (format, callback)\nReturns a list of metadata objects about each process that is being run using forever. This method is synchronous and will return the list of metadata as such. Only processes which have invoked `forever.startServer()` will be available from `forever.list()`\n\n### forever.tail (target, options, callback)\nResponds with the logs from the target script(s) from `tail`. There are two important options:\n\n* `length` (numeric): is is used as the `-n` parameter to `tail`.\n* `stream` (boolean): is is used as the `-f` parameter to `tail`.\n\n### forever.cleanUp ()\nCleans up any extraneous forever *.pid files that are on the target system. This method returns an EventEmitter that raises the \'cleanUp\' event when complete.\n\n### forever.cleanLogsSync (processes)\nRemoves all log files from the root forever directory that do not belong to current running forever processes.\n\n## Run Tests\n\n``` bash\n  $ npm test\n```\n\n#### License: MIT\n#### Author: [Charlie Robbins](http://github.com/indexzero)\n#### Contributors: [Fedor Indutny](http://github.com/indutny), [James Halliday](http://substack.net/), [Charlie McConnell](http://github.com/avianflu), [Maciej Malecki](http://github.com/mmalecki), [John Lancaster](http://jlank.com)\n\n[0]: http://github.com/nodejitsu/forever-monitor\n[1]: http://github.com/nodejitsu/forever-monitor/tree/master/examples\n[2]: https://github.com/nodejitsu/forever/blob/master/lib/forever/cli.js\n',
147 silly resolved     readmeFilename: 'README.md',
147 silly resolved     bugs: { url: 'https://github.com/nodejitsu/forever/issues' },
147 silly resolved     _id: 'forever@0.10.8',
147 silly resolved     dist: { shasum: 'b501ee1844d1c87e9086dba5c39fe522d2e8536b' },
147 silly resolved     _from: 'forever@',
147 silly resolved     _resolved: 'https://registry.npmjs.org/forever/-/forever-0.10.8.tgz' } ]
148 info install forever@0.10.8 into /usr/local/lib
149 info installOne forever@0.10.8
150 verbose from cache /home/yuntour/.npm/forever/0.10.8/package/package.json
151 info /usr/local/lib/node_modules/forever unbuild
152 verbose read json /usr/local/lib/node_modules/forever/package.json
153 verbose tar unpack /home/yuntour/.npm/forever/0.10.8/package.tgz
154 silly lockFile 5fd21e72-r-local-lib-node-modules-forever tar:///usr/local/lib/node_modules/forever
155 verbose lock tar:///usr/local/lib/node_modules/forever /home/yuntour/.npm/5fd21e72-r-local-lib-node-modules-forever.lock
156 silly lockFile a6fc0072-r-npm-forever-0-10-8-package-tgz tar:///home/yuntour/.npm/forever/0.10.8/package.tgz
157 verbose lock tar:///home/yuntour/.npm/forever/0.10.8/package.tgz /home/yuntour/.npm/a6fc0072-r-npm-forever-0-10-8-package-tgz.lock
158 silly gunzTarPerm modes [ '755', '644' ]
159 error Error: EACCES, mkdir '/usr/local/lib/node_modules/forever'
159 error  { [Error: EACCES, mkdir '/usr/local/lib/node_modules/forever']
159 error   errno: 3,
159 error   code: 'EACCES',
159 error   path: '/usr/local/lib/node_modules/forever',
159 error   fstream_type: 'Directory',
159 error   fstream_path: '/usr/local/lib/node_modules/forever',
159 error   fstream_class: 'DirWriter',
159 error   fstream_stack:
159 error    [ '/usr/local/lib/node_modules/npm/node_modules/fstream/lib/dir-writer.js:36:23',
159 error      '/usr/local/lib/node_modules/npm/node_modules/mkdirp/index.js:37:53',
159 error      'Object.oncomplete (fs.js:107:15)' ] }
160 error Please try running this command again as root/Administrator.
161 error System Linux 2.6.32-358.18.1.el6.x86_64
162 error command "/usr/local/bin/node" "/usr/local/bin/npm" "install" "forever" "-g"
163 error cwd /home/yuntour/YunTour
164 error node -v v0.10.12
165 error npm -v 1.2.32
166 error path /usr/local/lib/node_modules/forever
167 error fstream_path /usr/local/lib/node_modules/forever
168 error fstream_type Directory
169 error fstream_class DirWriter
170 error code EACCES
171 error errno 3
172 error stack Error: EACCES, mkdir '/usr/local/lib/node_modules/forever'
173 error fstream_stack /usr/local/lib/node_modules/npm/node_modules/fstream/lib/dir-writer.js:36:23
173 error fstream_stack /usr/local/lib/node_modules/npm/node_modules/mkdirp/index.js:37:53
173 error fstream_stack Object.oncomplete (fs.js:107:15)
174 verbose exit [ 3, true ]
